2016/01/29 11:27:02 INFO  - jmeter.util.JMeterUtils: Setting Locale to fr_FR 
2016/01/29 11:27:02 INFO  - jmeter.util.JMeterUtils: Could not find resources for 'fr_FR', using 'fr' 
2016/01/29 11:27:02 INFO  - jmeter.JMeter: Loading user properties from: /usr/local/Cellar/jmeter/2.13/libexec/bin/user.properties 
2016/01/29 11:27:02 INFO  - jmeter.JMeter: Loading system properties from: /usr/local/Cellar/jmeter/2.13/libexec/bin/system.properties 
2016/01/29 11:27:02 INFO  - jmeter.JMeter: Copyright (c) 1998-2015 The Apache Software Foundation 
2016/01/29 11:27:02 INFO  - jmeter.JMeter: Version 2.13 r1665067 
2016/01/29 11:27:02 INFO  - jmeter.JMeter: java.version=1.8.0_66 
2016/01/29 11:27:02 INFO  - jmeter.JMeter: java.vm.name=Java HotSpot(TM) 64-Bit Server VM 
2016/01/29 11:27:02 INFO  - jmeter.JMeter: os.name=Mac OS X 
2016/01/29 11:27:02 INFO  - jmeter.JMeter: os.arch=x86_64 
2016/01/29 11:27:02 INFO  - jmeter.JMeter: os.version=10.11.4 
2016/01/29 11:27:02 INFO  - jmeter.JMeter: file.encoding=UTF-8 
2016/01/29 11:27:02 INFO  - jmeter.JMeter: Default Locale=français (France) 
2016/01/29 11:27:02 INFO  - jmeter.JMeter: JMeter  Locale=français (France) 
2016/01/29 11:27:02 INFO  - jmeter.JMeter: JMeterHome=/usr/local/Cellar/jmeter/2.13/libexec 
2016/01/29 11:27:02 INFO  - jmeter.JMeter: user.dir  =/Users/Ananas/Documents/FIL/QualiteLogiciel/Camix_Java-v3.0.etu 
2016/01/29 11:27:02 INFO  - jmeter.JMeter: PWD       =/Users/Ananas/Documents/FIL/QualiteLogiciel/Camix_Java-v3.0.etu 
2016/01/29 11:27:03 INFO  - jmeter.JMeter: IP: 192.168.1.22 Name: MacBook-Pro-de-Ananas-Mac.local FullName: 192.168.1.22 
2016/01/29 11:27:03 INFO  - jmeter.JMeter: search_paths=./build/jmeter 
2016/01/29 11:27:03 INFO  - jmeter.JMeter: Adding to classpath and loader: ./build/jmeter 
2016/01/29 11:27:03 INFO  - jmeter.gui.action.LookAndFeelCommand: Using look and feel: com.apple.laf.AquaLookAndFeel [Mac OS X, System] 
2016/01/29 11:27:03 INFO  - jmeter.JMeter: Loaded icon properties from org/apache/jmeter/images/icon.properties 
2016/01/29 11:27:05 INFO  - jmeter.engine.util.CompoundVariable: Note: Function class names must contain the string: '.functions.' 
2016/01/29 11:27:05 INFO  - jmeter.engine.util.CompoundVariable: Note: Function class names must not contain the string: '.gui.' 
2016/01/29 11:27:05 INFO  - jmeter.util.BSFTestElement: Registering JMeter version of JavaScript engine as work-round for BSF-22 
2016/01/29 11:27:06 INFO  - jmeter.protocol.http.sampler.HTTPSamplerBase: Cannot find .className property for htmlParser, using default 
2016/01/29 11:27:06 INFO  - jmeter.protocol.http.sampler.HTTPSamplerBase: Parser for text/html is  
2016/01/29 11:27:06 INFO  - jmeter.protocol.http.sampler.HTTPSamplerBase: Parser for application/xhtml+xml is  
2016/01/29 11:27:06 INFO  - jmeter.protocol.http.sampler.HTTPSamplerBase: Parser for application/xml is  
2016/01/29 11:27:06 INFO  - jmeter.protocol.http.sampler.HTTPSamplerBase: Parser for text/xml is  
2016/01/29 11:27:06 INFO  - jmeter.protocol.http.sampler.HTTPSamplerBase: Parser for text/vnd.wap.wml is org.apache.jmeter.protocol.http.parser.RegexpHTMLParser 
2016/01/29 11:27:06 INFO  - jmeter.gui.util.MenuFactory: Skipping org.apache.jmeter.protocol.http.control.gui.WebServiceSamplerGui 
2016/01/29 11:27:06 INFO  - jmeter.gui.util.MenuFactory: Skipping org.apache.jmeter.protocol.http.modifier.gui.ParamModifierGui 
2016/01/29 11:27:06 INFO  - jorphan.exec.KeyToolUtils: keytool found at 'keytool' 
2016/01/29 11:27:06 INFO  - jmeter.protocol.http.proxy.ProxyControl: HTTP(S) Test Script Recorder SSL Proxy will use keys that support embedded 3rd party resources in file /usr/local/Cellar/jmeter/2.13/libexec/bin/proxyserver.jks 
2016/01/29 11:27:06 INFO  - jmeter.samplers.SampleResult: Note: Sample TimeStamps are START times 
2016/01/29 11:27:06 INFO  - jmeter.samplers.SampleResult: sampleresult.default.encoding is set to ISO-8859-1 
2016/01/29 11:27:06 INFO  - jmeter.samplers.SampleResult: sampleresult.useNanoTime=true 
2016/01/29 11:27:06 INFO  - jmeter.samplers.SampleResult: sampleresult.nanoThreadSleep=5000 
2016/01/29 11:27:39 INFO  - jmeter.services.FileServer: Default base='/Users/Ananas/Documents/FIL/QualiteLogiciel/Camix_Java-v3.0.etu' 
2016/01/29 11:27:39 INFO  - jmeter.gui.action.Load: Loading file: /Users/Ananas/Documents/FIL/QualiteLogiciel/Camix_Java-v3.0.etu/jmeter/plan_test_montee_charge.jmx 
2016/01/29 11:27:39 INFO  - jmeter.services.FileServer: Set new base='/Users/Ananas/Documents/FIL/QualiteLogiciel/Camix_Java-v3.0.etu/jmeter' 
2016/01/29 11:27:40 INFO  - jmeter.save.SaveService: Testplan (JMX) version: 2.2. Testlog (JTL) version: 2.2 
2016/01/29 11:27:40 INFO  - jmeter.save.SaveService: Using SaveService properties file encoding UTF-8 
2016/01/29 11:27:40 INFO  - jmeter.save.SaveService: Using SaveService properties file version 1656252 
2016/01/29 11:27:40 INFO  - jmeter.save.SaveService: Using SaveService properties version 2.8 
2016/01/29 11:27:40 INFO  - jmeter.save.SaveService: All converter versions present and correct 
2016/01/29 11:27:40 INFO  - jmeter.save.SaveService: Loading file: /Users/Ananas/Documents/FIL/QualiteLogiciel/Camix_Java-v3.0.etu/jmeter/plan_test_montee_charge.jmx 
2016/01/29 11:27:40 INFO  - jmeter.services.FileServer: Set new base='/Users/Ananas/Documents/FIL/QualiteLogiciel/Camix_Java-v3.0.etu/jmeter' 
2016/01/29 11:33:08 INFO  - jmeter.engine.DistributedRunner: Configuring remote engine: 192.168.1.24 
2016/01/29 11:33:09 INFO  - jmeter.engine.DistributedRunner: Starting remote engines 
2016/01/29 11:33:09 INFO  - jmeter.engine.DistributedRunner: Starting the test @ Fri Jan 29 11:33:09 CET 2016 (1454063589278) 
2016/01/29 11:33:09 INFO  - jmeter.engine.ClientJMeterEngine: running clientengine run method 
2016/01/29 11:33:09 INFO  - jmeter.samplers.SampleEvent: List of sample_variables: [] 
2016/01/29 11:33:09 INFO  - jmeter.samplers.BatchSampleSender: Using batching (client settings) for this run. Thresholds: num=100, time=60000 
2016/01/29 11:33:09 INFO  - jmeter.samplers.DataStrippingSampleSender: Using DataStrippingSampleSender for this run 
2016/01/29 11:33:09 INFO  - jmeter.samplers.BatchSampleSender: Using batching (client settings) for this run. Thresholds: num=100, time=60000 
2016/01/29 11:33:09 INFO  - jmeter.samplers.DataStrippingSampleSender: Using DataStrippingSampleSender for this run 
2016/01/29 11:33:09 INFO  - jmeter.samplers.BatchSampleSender: Using batching (client settings) for this run. Thresholds: num=100, time=60000 
2016/01/29 11:33:09 INFO  - jmeter.samplers.DataStrippingSampleSender: Using DataStrippingSampleSender for this run 
2016/01/29 11:33:09 INFO  - jmeter.engine.ClientJMeterEngine: sent test to 192.168.1.24 basedir='jmeter' 
2016/01/29 11:33:09 INFO  - jmeter.engine.ClientJMeterEngine: Sending properties {} 
2016/01/29 11:33:09 INFO  - jmeter.engine.ClientJMeterEngine: sent run command to 192.168.1.24 
2016/01/29 11:33:09 INFO  - jmeter.engine.DistributedRunner: Remote engines have been started 
2016/01/29 11:33:10 WARN  - jmeter.reporters.ResultCollector: Error creating directories for /home/matth/Developpement/Chat/workspace_chat_eclipse-4.2.1/Camix_Java-v2.0/jmeter 
2016/01/29 11:33:10 INFO  - jmeter.gui.util.JMeterMenuBar: setRunning(true,192.168.1.24) 
2016/01/29 11:33:25 INFO  - jmeter.engine.DistributedRunner: Configuring remote engine: 192.168.1.10 
2016/01/29 11:33:26 INFO  - jmeter.engine.DistributedRunner: Starting remote engines 
2016/01/29 11:33:26 INFO  - jmeter.engine.DistributedRunner: Starting the test @ Fri Jan 29 11:33:26 CET 2016 (1454063606184) 
2016/01/29 11:33:26 INFO  - jmeter.engine.ClientJMeterEngine: running clientengine run method 
2016/01/29 11:33:26 INFO  - jmeter.samplers.BatchSampleSender: Using batching (client settings) for this run. Thresholds: num=100, time=60000 
2016/01/29 11:33:26 INFO  - jmeter.samplers.DataStrippingSampleSender: Using DataStrippingSampleSender for this run 
2016/01/29 11:33:26 INFO  - jmeter.samplers.BatchSampleSender: Using batching (client settings) for this run. Thresholds: num=100, time=60000 
2016/01/29 11:33:26 INFO  - jmeter.samplers.DataStrippingSampleSender: Using DataStrippingSampleSender for this run 
2016/01/29 11:33:26 INFO  - jmeter.samplers.BatchSampleSender: Using batching (client settings) for this run. Thresholds: num=100, time=60000 
2016/01/29 11:33:26 INFO  - jmeter.samplers.DataStrippingSampleSender: Using DataStrippingSampleSender for this run 
2016/01/29 11:33:26 INFO  - jmeter.engine.ClientJMeterEngine: sent test to 192.168.1.10 basedir='jmeter' 
2016/01/29 11:33:26 INFO  - jmeter.engine.ClientJMeterEngine: Sending properties {} 
2016/01/29 11:33:26 INFO  - jmeter.engine.ClientJMeterEngine: sent run command to 192.168.1.10 
2016/01/29 11:33:26 INFO  - jmeter.engine.DistributedRunner: Remote engines have been started 
2016/01/29 11:33:26 WARN  - jmeter.reporters.ResultCollector: Error creating directories for /home/matth/Developpement/Chat/workspace_chat_eclipse-4.2.1/Camix_Java-v2.0/jmeter 
2016/01/29 11:33:26 INFO  - jmeter.gui.util.JMeterMenuBar: setRunning(true,192.168.1.10) 
2016/01/29 11:34:12 INFO  - jmeter.engine.DistributedRunner: Configuring remote engine: 192.168.1.26 
2016/01/29 11:34:14 INFO  - jmeter.engine.DistributedRunner: Starting remote engines 
2016/01/29 11:34:14 INFO  - jmeter.engine.DistributedRunner: Starting the test @ Fri Jan 29 11:34:14 CET 2016 (1454063654066) 
2016/01/29 11:34:14 INFO  - jmeter.engine.ClientJMeterEngine: running clientengine run method 
2016/01/29 11:34:14 INFO  - jmeter.samplers.BatchSampleSender: Using batching (client settings) for this run. Thresholds: num=100, time=60000 
2016/01/29 11:34:14 INFO  - jmeter.samplers.DataStrippingSampleSender: Using DataStrippingSampleSender for this run 
2016/01/29 11:34:14 INFO  - jmeter.samplers.BatchSampleSender: Using batching (client settings) for this run. Thresholds: num=100, time=60000 
2016/01/29 11:34:14 INFO  - jmeter.samplers.DataStrippingSampleSender: Using DataStrippingSampleSender for this run 
2016/01/29 11:34:14 INFO  - jmeter.samplers.BatchSampleSender: Using batching (client settings) for this run. Thresholds: num=100, time=60000 
2016/01/29 11:34:14 INFO  - jmeter.samplers.DataStrippingSampleSender: Using DataStrippingSampleSender for this run 
2016/01/29 11:34:14 INFO  - jmeter.engine.ClientJMeterEngine: sent test to 192.168.1.26 basedir='jmeter' 
2016/01/29 11:34:14 INFO  - jmeter.engine.ClientJMeterEngine: Sending properties {} 
2016/01/29 11:34:14 INFO  - jmeter.engine.ClientJMeterEngine: sent run command to 192.168.1.26 
2016/01/29 11:34:14 INFO  - jmeter.engine.DistributedRunner: Remote engines have been started 
2016/01/29 11:34:15 WARN  - jmeter.reporters.ResultCollector: Error creating directories for /home/matth/Developpement/Chat/workspace_chat_eclipse-4.2.1/Camix_Java-v2.0/jmeter 
2016/01/29 11:34:15 INFO  - jmeter.gui.util.JMeterMenuBar: setRunning(true,192.168.1.26) 
2016/01/29 11:34:29 INFO  - jmeter.engine.DistributedRunner: Configuring remote engine: 192.168.1.25 
2016/01/29 11:34:40 INFO  - jmeter.engine.DistributedRunner: Starting remote engines 
2016/01/29 11:34:40 INFO  - jmeter.engine.DistributedRunner: Starting the test @ Fri Jan 29 11:34:40 CET 2016 (1454063680207) 
2016/01/29 11:34:40 INFO  - jmeter.engine.ClientJMeterEngine: running clientengine run method 
2016/01/29 11:34:40 INFO  - jmeter.samplers.BatchSampleSender: Using batching (client settings) for this run. Thresholds: num=100, time=60000 
2016/01/29 11:34:40 INFO  - jmeter.samplers.DataStrippingSampleSender: Using DataStrippingSampleSender for this run 
2016/01/29 11:34:40 INFO  - jmeter.samplers.BatchSampleSender: Using batching (client settings) for this run. Thresholds: num=100, time=60000 
2016/01/29 11:34:40 INFO  - jmeter.samplers.DataStrippingSampleSender: Using DataStrippingSampleSender for this run 
2016/01/29 11:34:40 INFO  - jmeter.samplers.BatchSampleSender: Using batching (client settings) for this run. Thresholds: num=100, time=60000 
2016/01/29 11:34:40 INFO  - jmeter.samplers.DataStrippingSampleSender: Using DataStrippingSampleSender for this run 
2016/01/29 11:34:40 INFO  - jmeter.engine.ClientJMeterEngine: sent test to 192.168.1.25 basedir='jmeter' 
2016/01/29 11:34:40 INFO  - jmeter.engine.ClientJMeterEngine: Sending properties {} 
2016/01/29 11:34:40 INFO  - jmeter.engine.ClientJMeterEngine: sent run command to 192.168.1.25 
2016/01/29 11:34:40 INFO  - jmeter.engine.DistributedRunner: Remote engines have been started 
2016/01/29 11:34:41 WARN  - jmeter.reporters.ResultCollector: Error creating directories for /home/matth/Developpement/Chat/workspace_chat_eclipse-4.2.1/Camix_Java-v2.0/jmeter 
2016/01/29 11:34:41 INFO  - jmeter.gui.util.JMeterMenuBar: setRunning(true,192.168.1.25) 
2016/01/29 11:35:06 INFO  - jmeter.engine.DistributedRunner: Stopping remote engines 
2016/01/29 11:35:06 INFO  - jmeter.engine.ClientJMeterEngine: about to stop remote test on 192.168.1.24 
2016/01/29 11:35:06 INFO  - jmeter.engine.ClientJMeterEngine: about to stop remote test on 192.168.1.10 
2016/01/29 11:35:07 INFO  - jmeter.engine.ClientJMeterEngine: about to stop remote test on 192.168.1.25 
2016/01/29 11:35:38 ERROR - jmeter.engine.ClientJMeterEngine:  java.rmi.ConnectException: Connection refused to host: 192.168.1.25; nested exception is: 
	java.net.ConnectException: Operation timed out
	at sun.rmi.transport.tcp.TCPEndpoint.newSocket(TCPEndpoint.java:619)
	at sun.rmi.transport.tcp.TCPChannel.createConnection(TCPChannel.java:216)
	at sun.rmi.transport.tcp.TCPChannel.newConnection(TCPChannel.java:202)
	at sun.rmi.server.UnicastRef.invoke(UnicastRef.java:130)
	at java.rmi.server.RemoteObjectInvocationHandler.invokeRemoteMethod(RemoteObjectInvocationHandler.java:227)
	at java.rmi.server.RemoteObjectInvocationHandler.invoke(RemoteObjectInvocationHandler.java:179)
	at com.sun.proxy.$Proxy0.rstopTest(Unknown Source)
	at org.apache.jmeter.engine.ClientJMeterEngine.stopTest(ClientJMeterEngine.java:84)
	at org.apache.jmeter.engine.DistributedRunner.stop(DistributedRunner.java:157)
	at org.apache.jmeter.gui.action.RemoteStart.doAction(RemoteStart.java:88)
	at org.apache.jmeter.gui.action.ActionRouter.performAction(ActionRouter.java:81)
	at org.apache.jmeter.gui.action.ActionRouter.access$000(ActionRouter.java:40)
	at org.apache.jmeter.gui.action.ActionRouter$1.run(ActionRouter.java:63)
	at java.awt.event.InvocationEvent.dispatch(InvocationEvent.java:311)
	at java.awt.EventQueue.dispatchEventImpl(EventQueue.java:756)
	at java.awt.EventQueue.access$500(EventQueue.java:97)
	at java.awt.EventQueue$3.run(EventQueue.java:709)
	at java.awt.EventQueue$3.run(EventQueue.java:703)
	at java.security.AccessController.doPrivileged(Native Method)
	at java.security.ProtectionDomain$JavaSecurityAccessImpl.doIntersectionPrivilege(ProtectionDomain.java:76)
	at java.awt.EventQueue.dispatchEvent(EventQueue.java:726)
	at java.awt.EventDispatchThread.pumpOneEventForFilters(EventDispatchThread.java:201)
	at java.awt.EventDispatchThread.pumpEventsForFilter(EventDispatchThread.java:116)
	at java.awt.EventDispatchThread.pumpEventsForHierarchy(EventDispatchThread.java:105)
	at java.awt.EventDispatchThread.pumpEvents(EventDispatchThread.java:101)
	at java.awt.EventDispatchThread.pumpEvents(EventDispatchThread.java:93)
	at java.awt.EventDispatchThread.run(EventDispatchThread.java:82)
Caused by: java.net.ConnectException: Operation timed out
	at java.net.PlainSocketImpl.socketConnect(Native Method)
	at java.net.AbstractPlainSocketImpl.doConnect(AbstractPlainSocketImpl.java:350)
	at java.net.AbstractPlainSocketImpl.connectToAddress(AbstractPlainSocketImpl.java:206)
	at java.net.AbstractPlainSocketImpl.connect(AbstractPlainSocketImpl.java:188)
	at java.net.SocksSocketImpl.connect(SocksSocketImpl.java:392)
	at java.net.Socket.connect(Socket.java:589)
	at java.net.Socket.connect(Socket.java:538)
	at java.net.Socket.<init>(Socket.java:434)
	at java.net.Socket.<init>(Socket.java:211)
	at sun.rmi.transport.proxy.RMIDirectSocketFactory.createSocket(RMIDirectSocketFactory.java:40)
	at sun.rmi.transport.proxy.RMIMasterSocketFactory.createSocket(RMIMasterSocketFactory.java:148)
	at sun.rmi.transport.tcp.TCPEndpoint.newSocket(TCPEndpoint.java:613)
	... 26 more

2016/01/29 11:35:38 INFO  - jmeter.engine.ClientJMeterEngine: about to stop remote test on 192.168.1.26 
2016/01/29 11:35:39 INFO  - jmeter.engine.DistributedRunner: Remote engines have been stopped 
2016/01/29 11:35:41 INFO  - jmeter.gui.util.JMeterMenuBar: setRunning(false,192.168.1.10) 
2016/01/29 11:35:44 INFO  - jmeter.gui.util.JMeterMenuBar: setRunning(false,192.168.1.26) 
2016/01/29 11:35:47 INFO  - jmeter.reporters.ResultCollector: Shutdown hook started 
2016/01/29 11:35:47 INFO  - jmeter.reporters.ResultCollector: Shutdown hook ended 
