2016/04/01 11:39:40 INFO  - jmeter.util.JMeterUtils: Setting Locale to en_US 
2016/04/01 11:39:40 INFO  - jmeter.JMeter: Loading user properties from: /Users/Ananas/Documents/FIL/QualiteLogiciel/Camix_Java-v3.0.etu/target/jmeter/bin/user.properties 
2016/04/01 11:39:40 INFO  - jmeter.JMeter: Loading system properties from: /Users/Ananas/Documents/FIL/QualiteLogiciel/Camix_Java-v3.0.etu/target/jmeter/bin/system.properties 
2016/04/01 11:39:40 INFO  - jmeter.JMeter: Copyright (c) 1998-2015 The Apache Software Foundation 
2016/04/01 11:39:40 INFO  - jmeter.JMeter: Version 2.13 r1665067 
2016/04/01 11:39:40 INFO  - jmeter.JMeter: java.version=1.8.0_66 
2016/04/01 11:39:40 INFO  - jmeter.JMeter: java.vm.name=Java HotSpot(TM) 64-Bit Server VM 
2016/04/01 11:39:40 INFO  - jmeter.JMeter: os.name=Mac OS X 
2016/04/01 11:39:40 INFO  - jmeter.JMeter: os.arch=x86_64 
2016/04/01 11:39:40 INFO  - jmeter.JMeter: os.version=10.11.4 
2016/04/01 11:39:40 INFO  - jmeter.JMeter: file.encoding=US-ASCII 
2016/04/01 11:39:40 INFO  - jmeter.JMeter: Default Locale=English (United States) 
2016/04/01 11:39:40 INFO  - jmeter.JMeter: JMeter  Locale=English (United States) 
2016/04/01 11:39:40 INFO  - jmeter.JMeter: JMeterHome=/Users/Ananas/Documents/FIL/QualiteLogiciel/Camix_Java-v3.0.etu/target/jmeter 
2016/04/01 11:39:40 INFO  - jmeter.JMeter: user.dir  =/Users/Ananas/Documents/FIL/QualiteLogiciel/Camix_Java-v3.0.etu/target/jmeter/bin 
2016/04/01 11:39:40 INFO  - jmeter.JMeter: PWD       =/Users/Ananas/Documents/FIL/QualiteLogiciel/Camix_Java-v3.0.etu/target/jmeter/bin 
2016/04/01 11:39:40 INFO  - jmeter.JMeter: IP: 172.17.2.72 Name: dhcp-2-72.gde.emn.fr FullName: dhcp-2-72.gde.emn.fr 
2016/04/01 11:39:40 INFO  - jmeter.JMeter: search_paths=./build/jmeter 
2016/04/01 11:39:40 WARN  - jmeter.JMeter: Can't read ./build/jmeter 
2016/04/01 11:39:40 INFO  - jmeter.services.FileServer: Default base='/Users/Ananas/Documents/FIL/QualiteLogiciel/Camix_Java-v3.0.etu/target/jmeter/bin' 
2016/04/01 11:39:40 INFO  - jmeter.services.FileServer: Set new base='/Users/Ananas/Documents/FIL/QualiteLogiciel/Camix_Java-v3.0.etu/src/test/jmeter' 
2016/04/01 11:39:40 INFO  - jmeter.save.SaveService: Testplan (JMX) version: 2.2. Testlog (JTL) version: 2.2 
2016/04/01 11:39:40 INFO  - jmeter.save.SaveService: Using SaveService properties file encoding UTF-8 
2016/04/01 11:39:40 INFO  - jmeter.save.SaveService: Using SaveService properties file version 1656252 
2016/04/01 11:39:40 INFO  - jmeter.save.SaveService: Using SaveService properties version 2.8 
2016/04/01 11:39:40 INFO  - jmeter.save.SaveService: All converter versions present and correct 
2016/04/01 11:39:40 INFO  - jmeter.save.SaveService: Loading file: /Users/Ananas/Documents/FIL/QualiteLogiciel/Camix_Java-v3.0.etu/src/test/jmeter/plan_travail.jmx 
2016/04/01 11:39:40 INFO  - jmeter.JMeter: Creating summariser <summary> 
2016/04/01 11:39:40 INFO  - jmeter.engine.StandardJMeterEngine: Listeners will be started after enabling running version 
2016/04/01 11:39:40 INFO  - jmeter.engine.StandardJMeterEngine: To revert to the earlier behaviour, define jmeterengine.startlistenerslater=false 
2016/04/01 11:39:40 INFO  - jmeter.engine.StandardJMeterEngine: Running the test! 
2016/04/01 11:39:40 INFO  - jmeter.samplers.SampleEvent: List of sample_variables: [] 
2016/04/01 11:39:40 INFO  - jmeter.samplers.SampleEvent: List of sample_variables: [] 
2016/04/01 11:39:40 INFO  - jmeter.engine.util.CompoundVariable: Note: Function class names must contain the string: '.functions.' 
2016/04/01 11:39:40 INFO  - jmeter.engine.util.CompoundVariable: Note: Function class names must not contain the string: '.gui.' 
2016/04/01 11:39:40 INFO  - jmeter.JMeter: Running test (1459503580862) 
2016/04/01 11:39:40 INFO  - jmeter.engine.StandardJMeterEngine: No enabled thread groups found 
2016/04/01 11:39:40 INFO  - jmeter.engine.StandardJMeterEngine: Notifying test listeners of end of test 
2016/04/01 11:39:40 INFO  - jmeter.reporters.Summariser: summary =      0 in     0s = ******/s Avg:     0 Min: 9223372036854775807 Max: -9223372036854775808 Err:     0 (0.00%) 
